<?xml version="1.0" encoding="UTF-8"?>
<!-- Generated by org.testng.reporters.JUnitXMLReporter -->
<testsuite hostname="DLLA07P3182" name="Movie Result Comparison" tests="5" failures="1" timestamp="9 Jan 2021 14:22:28 GMT" time="27.159" errors="0">
  <testcase name="getResponseFromImdbService" time="1.913" classname="test.testsclasses.ImdbTest"/>
  <testcase name="launchApp" time="10.269" classname="test.testsclasses.ImdbTest"/>
  <testcase name="searchTheDesiredInput" time="5.128" classname="test.testsclasses.ImdbTest"/>
  <testcase name="getTheSearchedResults" time="0.09" classname="test.testsclasses.ImdbTest"/>
  <testcase name="validateTheSearchedResults" time="0.225" classname="test.testsclasses.ImdbTest">
    <failure type="java.lang.AssertionError" message="Displaying results table doesn&amp;apos;t contains movie titles from filtered response  expected [true] but found [false]">
      <![CDATA[java.lang.AssertionError: Displaying results table doesn't contains movie titles from filtered response  expected [true] but found [false]
	at test.testsclasses.ImdbTest.validateTheSearchedResults(ImdbTest.java:63)
... Removed 30 stack frames]]>
    </failure>
  </testcase> <!-- validateTheSearchedResults -->
</testsuite> <!-- Movie Result Comparison -->
